<?xml version="1.0" encoding="UTF-8"?>
<testsuite xmlns:xsi="http://www.w3.org/2001/XMLSchema-instance" xsi:noNamespaceSchemaLocation="https://maven.apache.org/surefire/maven-surefire-plugin/xsd/surefire-test-report-3.0.xsd" version="3.0" name="org.openmrs.module.patientview.api.PatientviewServiceImplConnectionTest" time="1.695" tests="18" errors="0" skipped="0" failures="0">
  <properties>
[...]
</properties>
  <testcase name="shouldPersistAndReloadAssessment" classname="org.openmrs.module.patientview.api.PatientviewServiceImplConnectionTest" time="0.72"/>
  <testcase name="testSaveMethodValidation" classname="org.openmrs.module.patientview.api.PatientviewServiceImplConnectionTest" time="0.006"/>
  <testcase name="phase1SavesShouldRejectNullPatientOrData" classname="org.openmrs.module.patientview.api.PatientviewServiceImplConnectionTest" time="0.007"/>
  <testcase name="primaryDiagnosisShouldComeFromLatestAdmissionContext" classname="org.openmrs.module.patientview.api.PatientviewServiceImplConnectionTest" time="0.003"/>
  <testcase name="testLoggingConfiguration" classname="org.openmrs.module.patientview.api.PatientviewServiceImplConnectionTest" time="0.002"/>
  <testcase name="testNullPatientHandling" classname="org.openmrs.module.patientview.api.PatientviewServiceImplConnectionTest" time="0.002"/>
  <testcase name="testTransactionAnnotations" classname="org.openmrs.module.patientview.api.PatientviewServiceImplConnectionTest" time="0.003"/>
  <testcase name="activeAlertsShouldFlagLowGlasgowScore" classname="org.openmrs.module.patientview.api.PatientviewServiceImplConnectionTest" time="0.002"/>
  <testcase name="testBasicMethodsWithValidPatient" classname="org.openmrs.module.patientview.api.PatientviewServiceImplConnectionTest" time="0.019"/>
  <testcase name="testDaoInjection" classname="org.openmrs.module.patientview.api.PatientviewServiceImplConnectionTest" time="0.003"/>
  <testcase name="activeAlertsShouldBeEmptyWhenGlasgowIsNormal" classname="org.openmrs.module.patientview.api.PatientviewServiceImplConnectionTest" time="0.003"/>
  <testcase name="shouldDelegatePhase1SavesToDao" classname="org.openmrs.module.patientview.api.PatientviewServiceImplConnectionTest" time="0.004"/>
  <testcase name="testServiceInitialization" classname="org.openmrs.module.patientview.api.PatientviewServiceImplConnectionTest" time="0.002"/>
  <testcase name="testServiceWithoutDaoFailure" classname="org.openmrs.module.patientview.api.PatientviewServiceImplConnectionTest" time="0.001"/>
  <testcase name="primaryDiagnosisShouldPreferFormalDiagnosisOverAdmissionContextImpression" classname="org.openmrs.module.patientview.api.PatientviewServiceImplConnectionTest" time="0.002"/>
  <testcase name="testStaticDataMethods" classname="org.openmrs.module.patientview.api.PatientviewServiceImplConnectionTest" time="0.002"/>
  <testcase name="primaryDiagnosisShouldFallBackWhenNoAdmissionContextRecorded" classname="org.openmrs.module.patientview.api.PatientviewServiceImplConnectionTest" time="0.001"/>
  <testcase name="phase1GettersShouldReturnEmptyResultsForNullPatientWithoutTouchingDao" classname="org.openmrs.module.patientview.api.PatientviewServiceImplConnectionTest" time="0.003"/>
</testsuite>